mode: set
github.com/johnwmail/gorss/srv/auth.go:32.29,34.14 2 1
github.com/johnwmail/gorss/srv/auth.go:35.18,36.26 1 1
github.com/johnwmail/gorss/srv/auth.go:37.15,38.23 1 1
github.com/johnwmail/gorss/srv/auth.go:39.10,40.22 1 1
github.com/johnwmail/gorss/srv/auth.go:45.27,47.2 1 1
github.com/johnwmail/gorss/srv/auth.go:50.33,52.40 2 1
github.com/johnwmail/gorss/srv/auth.go:52.40,53.13 1 0
github.com/johnwmail/gorss/srv/auth.go:55.2,55.45 1 1
github.com/johnwmail/gorss/srv/auth.go:59.45,64.9 4 1
github.com/johnwmail/gorss/srv/auth.go:64.9,66.3 1 1
github.com/johnwmail/gorss/srv/auth.go:67.2,67.34 1 1
github.com/johnwmail/gorss/srv/auth.go:71.29,78.2 5 1
github.com/johnwmail/gorss/srv/auth.go:81.38,85.2 3 1
github.com/johnwmail/gorss/srv/auth.go:88.24,93.35 4 1
github.com/johnwmail/gorss/srv/auth.go:93.35,94.24 1 1
github.com/johnwmail/gorss/srv/auth.go:94.24,96.4 1 1
github.com/johnwmail/gorss/srv/auth.go:101.65,106.12 3 0
github.com/johnwmail/gorss/srv/auth.go:106.12,107.7 1 0
github.com/johnwmail/gorss/srv/auth.go:107.7,110.4 2 0
github.com/johnwmail/gorss/srv/auth.go:113.2,113.71 1 0
github.com/johnwmail/gorss/srv/auth.go:113.71,119.57 1 0
github.com/johnwmail/gorss/srv/auth.go:119.57,122.4 2 0
github.com/johnwmail/gorss/srv/auth.go:124.3,124.15 1 0
github.com/johnwmail/gorss/srv/auth.go:125.21,127.24 1 0
github.com/johnwmail/gorss/srv/auth.go:129.25,130.22 1 0
github.com/johnwmail/gorss/srv/auth.go:130.22,134.5 3 0
github.com/johnwmail/gorss/srv/auth.go:137.4,138.51 2 0
github.com/johnwmail/gorss/srv/auth.go:138.51,141.5 2 0
github.com/johnwmail/gorss/srv/auth.go:144.4,144.51 1 0
github.com/johnwmail/gorss/srv/auth.go:146.22,149.20 2 0
github.com/johnwmail/gorss/srv/auth.go:149.20,152.5 2 0
github.com/johnwmail/gorss/srv/auth.go:153.4,153.24 1 0
github.com/johnwmail/gorss/srv/auth.go:159.70,162.24 2 1
github.com/johnwmail/gorss/srv/auth.go:162.24,164.75 2 1
github.com/johnwmail/gorss/srv/auth.go:164.75,178.4 4 1
github.com/johnwmail/gorss/srv/auth.go:180.3,181.9 2 1
github.com/johnwmail/gorss/srv/auth.go:184.2,184.26 1 1
github.com/johnwmail/gorss/srv/auth.go:188.71,190.16 2 1
github.com/johnwmail/gorss/srv/auth.go:190.16,192.3 1 1
github.com/johnwmail/gorss/srv/auth.go:195.2,203.49 2 1
github.com/johnwmail/gorss/srv/auth.go:206.74,377.2 3 1
github.com/johnwmail/gorss/srv/auth.go:379.35,380.15 1 1
github.com/johnwmail/gorss/srv/auth.go:380.15,382.3 1 1
github.com/johnwmail/gorss/srv/auth.go:383.2,383.47 1 1
github.com/johnwmail/gorss/srv/feed.go:21.36,26.2 1 1
github.com/johnwmail/gorss/srv/feed.go:53.88,55.2 1 1
github.com/johnwmail/gorss/srv/feed.go:59.119,61.2 1 1
github.com/johnwmail/gorss/srv/feed.go:63.119,65.16 2 1
github.com/johnwmail/gorss/srv/feed.go:65.16,67.3 1 0
github.com/johnwmail/gorss/srv/feed.go:68.2,71.16 2 1
github.com/johnwmail/gorss/srv/feed.go:71.16,73.3 1 1
github.com/johnwmail/gorss/srv/feed.go:74.2,74.24 1 1
github.com/johnwmail/gorss/srv/feed.go:74.24,76.3 1 1
github.com/johnwmail/gorss/srv/feed.go:78.2,79.16 2 1
github.com/johnwmail/gorss/srv/feed.go:79.16,81.3 1 0
github.com/johnwmail/gorss/srv/feed.go:82.2,82.15 1 1
github.com/johnwmail/gorss/srv/feed.go:82.15,82.40 1 1
github.com/johnwmail/gorss/srv/feed.go:84.2,84.47 1 1
github.com/johnwmail/gorss/srv/feed.go:84.47,86.3 1 1
github.com/johnwmail/gorss/srv/feed.go:88.2,89.16 2 1
github.com/johnwmail/gorss/srv/feed.go:89.16,91.3 1 1
github.com/johnwmail/gorss/srv/feed.go:93.2,102.34 2 1
github.com/johnwmail/gorss/srv/feed.go:102.34,111.20 2 1
github.com/johnwmail/gorss/srv/feed.go:111.20,113.4 1 1
github.com/johnwmail/gorss/srv/feed.go:115.3,115.25 1 1
github.com/johnwmail/gorss/srv/feed.go:115.25,117.4 1 0
github.com/johnwmail/gorss/srv/feed.go:119.3,119.34 1 1
github.com/johnwmail/gorss/srv/feed.go:119.34,121.4 1 1
github.com/johnwmail/gorss/srv/feed.go:121.9,121.39 1 1
github.com/johnwmail/gorss/srv/feed.go:121.39,123.4 1 0
github.com/johnwmail/gorss/srv/feed.go:125.3,125.42 1 1
github.com/johnwmail/gorss/srv/feed.go:128.2,128.20 1 1
github.com/johnwmail/gorss/srv/feed.go:132.68,134.29 2 1
github.com/johnwmail/gorss/srv/feed.go:134.29,136.64 1 1
github.com/johnwmail/gorss/srv/feed.go:136.64,138.4 1 1
github.com/johnwmail/gorss/srv/feed.go:140.2,140.17 1 1
github.com/johnwmail/gorss/srv/feed.go:148.44,149.53 1 1
github.com/johnwmail/gorss/srv/feed.go:149.53,151.3 1 1
github.com/johnwmail/gorss/srv/feed.go:153.2,154.36 2 1
github.com/johnwmail/gorss/srv/feed.go:154.36,156.3 1 1
github.com/johnwmail/gorss/srv/feed.go:157.2,158.39 2 1
github.com/johnwmail/gorss/srv/feed.go:162.71,166.16 3 0
github.com/johnwmail/gorss/srv/feed.go:166.16,168.3 1 0
github.com/johnwmail/gorss/srv/feed.go:170.2,171.26 2 0
github.com/johnwmail/gorss/srv/feed.go:171.26,172.21 1 0
github.com/johnwmail/gorss/srv/feed.go:172.21,174.9 2 0
github.com/johnwmail/gorss/srv/feed.go:177.2,177.17 1 0
github.com/johnwmail/gorss/srv/feed.go:177.17,179.3 1 0
github.com/johnwmail/gorss/srv/feed.go:181.2,181.44 1 0
github.com/johnwmail/gorss/srv/feed.go:184.101,186.26 1 0
github.com/johnwmail/gorss/srv/feed.go:186.26,189.3 2 0
github.com/johnwmail/gorss/srv/feed.go:192.2,195.27 3 0
github.com/johnwmail/gorss/srv/feed.go:195.27,210.3 3 0
github.com/johnwmail/gorss/srv/feed.go:212.2,212.16 1 0
github.com/johnwmail/gorss/srv/feed.go:212.16,226.3 3 0
github.com/johnwmail/gorss/srv/feed.go:229.2,229.21 1 0
github.com/johnwmail/gorss/srv/feed.go:229.21,233.62 4 0
github.com/johnwmail/gorss/srv/feed.go:233.62,235.4 1 0
github.com/johnwmail/gorss/srv/feed.go:239.2,240.17 2 0
github.com/johnwmail/gorss/srv/feed.go:240.17,242.3 1 0
github.com/johnwmail/gorss/srv/feed.go:243.2,254.16 2 0
github.com/johnwmail/gorss/srv/feed.go:254.16,256.3 1 0
github.com/johnwmail/gorss/srv/feed.go:259.2,259.36 1 0
github.com/johnwmail/gorss/srv/feed.go:259.36,270.17 2 0
github.com/johnwmail/gorss/srv/feed.go:270.17,272.4 1 0
github.com/johnwmail/gorss/srv/feed.go:275.2,276.12 2 0
github.com/johnwmail/gorss/srv/feed.go:280.86,281.12 1 0
github.com/johnwmail/gorss/srv/feed.go:281.12,285.7 3 0
github.com/johnwmail/gorss/srv/feed.go:285.7,286.11 1 0
github.com/johnwmail/gorss/srv/feed.go:287.22,289.11 2 0
github.com/johnwmail/gorss/srv/feed.go:290.20,291.27 1 0
github.com/johnwmail/gorss/srv/feed.go:297.55,300.16 3 1
github.com/johnwmail/gorss/srv/feed.go:300.16,303.3 2 0
github.com/johnwmail/gorss/srv/feed.go:305.2,305.29 1 1
github.com/johnwmail/gorss/srv/feed.go:305.29,306.62 1 0
github.com/johnwmail/gorss/srv/feed.go:306.62,308.4 1 0
github.com/johnwmail/gorss/srv/feed.go:310.3,310.26 1 0
github.com/johnwmail/gorss/srv/feed.go:315.54,316.22 1 0
github.com/johnwmail/gorss/srv/feed.go:316.22,318.3 1 0
github.com/johnwmail/gorss/srv/feed.go:319.2,319.12 1 0
github.com/johnwmail/gorss/srv/feed.go:319.12,328.7 5 0
github.com/johnwmail/gorss/srv/feed.go:328.7,329.11 1 0
github.com/johnwmail/gorss/srv/feed.go:330.22,332.11 2 0
github.com/johnwmail/gorss/srv/feed.go:333.20,334.25 1 0
github.com/johnwmail/gorss/srv/feed.go:340.37,347.16 5 0
github.com/johnwmail/gorss/srv/feed.go:347.16,350.3 2 0
github.com/johnwmail/gorss/srv/feed.go:352.2,352.16 1 0
github.com/johnwmail/gorss/srv/feed.go:352.16,355.3 2 0
github.com/johnwmail/gorss/srv/feed.go:357.2,358.16 2 0
github.com/johnwmail/gorss/srv/feed.go:358.16,361.3 2 0
github.com/johnwmail/gorss/srv/feed.go:363.2,364.85 2 0
github.com/johnwmail/gorss/srv/feed.go:371.111,372.12 1 0
github.com/johnwmail/gorss/srv/feed.go:372.12,374.10 1 0
github.com/johnwmail/gorss/srv/feed.go:375.39,375.39 0 0
github.com/johnwmail/gorss/srv/feed.go:376.21,377.10 1 0
github.com/johnwmail/gorss/srv/feed.go:381.3,382.22 2 0
github.com/johnwmail/gorss/srv/feed.go:382.22,384.4 1 0
github.com/johnwmail/gorss/srv/feed.go:384.9,388.4 1 0
github.com/johnwmail/gorss/srv/feed.go:390.3,392.7 3 0
github.com/johnwmail/gorss/srv/feed.go:392.7,393.11 1 0
github.com/johnwmail/gorss/srv/feed.go:394.20,395.33 1 0
github.com/johnwmail/gorss/srv/feed.go:396.22,397.11 1 0
github.com/johnwmail/gorss/srv/feed.go:403.56,405.16 2 0
github.com/johnwmail/gorss/srv/feed.go:405.16,408.3 2 0
github.com/johnwmail/gorss/srv/feed.go:409.2,411.57 2 0
github.com/johnwmail/gorss/srv/feed.go:411.57,413.3 1 0
github.com/johnwmail/gorss/srv/handlers.go:18.52,21.2 2 1
github.com/johnwmail/gorss/srv/handlers.go:23.61,27.2 3 1
github.com/johnwmail/gorss/srv/handlers.go:30.40,32.2 1 1
github.com/johnwmail/gorss/srv/handlers.go:34.43,36.2 1 1
github.com/johnwmail/gorss/srv/handlers.go:39.62,41.18 2 1
github.com/johnwmail/gorss/srv/handlers.go:41.18,43.3 1 0
github.com/johnwmail/gorss/srv/handlers.go:45.2,55.20 5 1
github.com/johnwmail/gorss/srv/handlers.go:59.71,62.2 2 1
github.com/johnwmail/gorss/srv/handlers.go:65.73,67.16 2 1
github.com/johnwmail/gorss/srv/handlers.go:67.16,69.3 1 0
github.com/johnwmail/gorss/srv/handlers.go:71.2,73.16 3 1
github.com/johnwmail/gorss/srv/handlers.go:73.16,76.3 2 0
github.com/johnwmail/gorss/srv/handlers.go:77.2,77.18 1 1
github.com/johnwmail/gorss/srv/handlers.go:77.18,79.3 1 0
github.com/johnwmail/gorss/srv/handlers.go:80.2,80.24 1 1
github.com/johnwmail/gorss/srv/handlers.go:84.74,86.16 2 1
github.com/johnwmail/gorss/srv/handlers.go:86.16,88.3 1 0
github.com/johnwmail/gorss/srv/handlers.go:90.2,94.61 2 1
github.com/johnwmail/gorss/srv/handlers.go:94.61,97.3 2 1
github.com/johnwmail/gorss/srv/handlers.go:99.2,99.19 1 1
github.com/johnwmail/gorss/srv/handlers.go:99.19,102.3 2 1
github.com/johnwmail/gorss/srv/handlers.go:105.2,106.16 2 0
github.com/johnwmail/gorss/srv/handlers.go:106.16,109.3 2 0
github.com/johnwmail/gorss/srv/handlers.go:112.2,112.21 1 0
github.com/johnwmail/gorss/srv/handlers.go:112.21,115.3 2 0
github.com/johnwmail/gorss/srv/handlers.go:117.2,126.16 3 0
github.com/johnwmail/gorss/srv/handlers.go:126.16,127.46 1 0
github.com/johnwmail/gorss/srv/handlers.go:127.46,130.4 2 0
github.com/johnwmail/gorss/srv/handlers.go:131.3,132.9 2 0
github.com/johnwmail/gorss/srv/handlers.go:136.2,136.36 1 0
github.com/johnwmail/gorss/srv/handlers.go:136.36,147.3 1 0
github.com/johnwmail/gorss/srv/handlers.go:149.2,149.23 1 0
github.com/johnwmail/gorss/srv/handlers.go:153.75,156.16 3 1
github.com/johnwmail/gorss/srv/handlers.go:156.16,159.3 2 1
github.com/johnwmail/gorss/srv/handlers.go:161.2,165.61 2 1
github.com/johnwmail/gorss/srv/handlers.go:165.61,168.3 2 1
github.com/johnwmail/gorss/srv/handlers.go:170.2,174.16 3 1
github.com/johnwmail/gorss/srv/handlers.go:174.16,177.3 2 1
github.com/johnwmail/gorss/srv/handlers.go:179.2,181.17 3 1
github.com/johnwmail/gorss/srv/handlers.go:181.17,183.3 1 1
github.com/johnwmail/gorss/srv/handlers.go:184.2,184.15 1 1
github.com/johnwmail/gorss/srv/handlers.go:184.15,186.3 1 1
github.com/johnwmail/gorss/srv/handlers.go:189.2,189.21 1 1
github.com/johnwmail/gorss/srv/handlers.go:189.21,191.22 2 0
github.com/johnwmail/gorss/srv/handlers.go:191.22,194.4 2 0
github.com/johnwmail/gorss/srv/handlers.go:197.2,202.17 1 1
github.com/johnwmail/gorss/srv/handlers.go:202.17,203.46 1 0
github.com/johnwmail/gorss/srv/handlers.go:203.46,206.4 2 0
github.com/johnwmail/gorss/srv/handlers.go:207.3,208.9 2 0
github.com/johnwmail/gorss/srv/handlers.go:211.2,211.52 1 1
github.com/johnwmail/gorss/srv/handlers.go:215.76,218.16 3 1
github.com/johnwmail/gorss/srv/handlers.go:218.16,221.3 2 1
github.com/johnwmail/gorss/srv/handlers.go:223.2,227.17 2 1
github.com/johnwmail/gorss/srv/handlers.go:227.17,230.3 2 0
github.com/johnwmail/gorss/srv/handlers.go:231.2,231.52 1 1
github.com/johnwmail/gorss/srv/handlers.go:239.103,240.28 1 1
github.com/johnwmail/gorss/srv/handlers.go:240.28,242.15 2 1
github.com/johnwmail/gorss/srv/handlers.go:242.15,244.4 1 1
github.com/johnwmail/gorss/srv/handlers.go:244.9,247.4 2 1
github.com/johnwmail/gorss/srv/handlers.go:249.2,249.24 1 1
github.com/johnwmail/gorss/srv/handlers.go:249.24,252.3 2 1
github.com/johnwmail/gorss/srv/handlers.go:253.2,253.21 1 1
github.com/johnwmail/gorss/srv/handlers.go:253.21,255.3 1 1
github.com/johnwmail/gorss/srv/handlers.go:256.2,256.22 1 1
github.com/johnwmail/gorss/srv/handlers.go:256.22,258.3 1 1
github.com/johnwmail/gorss/srv/handlers.go:261.2,261.52 1 1
github.com/johnwmail/gorss/srv/handlers.go:261.52,264.3 2 0
github.com/johnwmail/gorss/srv/handlers.go:264.8,264.57 1 1
github.com/johnwmail/gorss/srv/handlers.go:264.57,267.3 2 0
github.com/johnwmail/gorss/srv/handlers.go:268.2,268.8 1 1
github.com/johnwmail/gorss/srv/handlers.go:272.61,273.53 1 1
github.com/johnwmail/gorss/srv/handlers.go:273.53,275.3 1 0
github.com/johnwmail/gorss/srv/handlers.go:276.2,276.59 1 1
github.com/johnwmail/gorss/srv/handlers.go:279.123,281.22 2 1
github.com/johnwmail/gorss/srv/handlers.go:281.22,283.3 1 1
github.com/johnwmail/gorss/srv/handlers.go:285.2,286.22 2 1
github.com/johnwmail/gorss/srv/handlers.go:286.22,288.3 1 1
github.com/johnwmail/gorss/srv/handlers.go:289.2,290.21 2 1
github.com/johnwmail/gorss/srv/handlers.go:290.21,292.3 1 1
github.com/johnwmail/gorss/srv/handlers.go:294.2,297.22 3 1
github.com/johnwmail/gorss/srv/handlers.go:297.22,299.3 1 1
github.com/johnwmail/gorss/srv/handlers.go:301.2,321.16 8 1
github.com/johnwmail/gorss/srv/handlers.go:321.16,323.3 1 0
github.com/johnwmail/gorss/srv/handlers.go:324.2,324.15 1 1
github.com/johnwmail/gorss/srv/handlers.go:324.15,324.35 1 1
github.com/johnwmail/gorss/srv/handlers.go:326.2,327.18 2 1
github.com/johnwmail/gorss/srv/handlers.go:327.18,333.17 2 1
github.com/johnwmail/gorss/srv/handlers.go:333.17,335.4 1 0
github.com/johnwmail/gorss/srv/handlers.go:336.3,336.33 1 1
github.com/johnwmail/gorss/srv/handlers.go:338.2,338.21 1 1
github.com/johnwmail/gorss/srv/handlers.go:338.21,340.3 1 1
github.com/johnwmail/gorss/srv/handlers.go:341.2,341.29 1 1
github.com/johnwmail/gorss/srv/handlers.go:360.61,362.46 2 1
github.com/johnwmail/gorss/srv/handlers.go:362.46,363.61 1 1
github.com/johnwmail/gorss/srv/handlers.go:363.61,365.4 1 1
github.com/johnwmail/gorss/srv/handlers.go:367.2,367.47 1 1
github.com/johnwmail/gorss/srv/handlers.go:367.47,368.61 1 1
github.com/johnwmail/gorss/srv/handlers.go:368.61,370.4 1 1
github.com/johnwmail/gorss/srv/handlers.go:372.2,372.8 1 1
github.com/johnwmail/gorss/srv/handlers.go:376.62,377.45 1 1
github.com/johnwmail/gorss/srv/handlers.go:377.45,378.65 1 0
github.com/johnwmail/gorss/srv/handlers.go:378.65,380.4 1 0
github.com/johnwmail/gorss/srv/handlers.go:382.2,382.52 1 1
github.com/johnwmail/gorss/srv/handlers.go:382.52,383.64 1 0
github.com/johnwmail/gorss/srv/handlers.go:383.64,385.4 1 0
github.com/johnwmail/gorss/srv/handlers.go:387.2,387.42 1 1
github.com/johnwmail/gorss/srv/handlers.go:387.42,388.64 1 0
github.com/johnwmail/gorss/srv/handlers.go:388.64,390.4 1 0
github.com/johnwmail/gorss/srv/handlers.go:392.2,392.49 1 1
github.com/johnwmail/gorss/srv/handlers.go:392.49,393.63 1 0
github.com/johnwmail/gorss/srv/handlers.go:393.63,395.4 1 0
github.com/johnwmail/gorss/srv/handlers.go:400.80,401.9 1 1
github.com/johnwmail/gorss/srv/handlers.go:402.25,403.26 1 1
github.com/johnwmail/gorss/srv/handlers.go:404.65,407.25 3 1
github.com/johnwmail/gorss/srv/handlers.go:408.43,409.25 1 1
github.com/johnwmail/gorss/srv/handlers.go:410.24,412.25 2 1
github.com/johnwmail/gorss/srv/handlers.go:413.20,415.21 2 1
github.com/johnwmail/gorss/srv/handlers.go:420.143,429.2 4 1
github.com/johnwmail/gorss/srv/handlers.go:432.76,438.16 5 1
github.com/johnwmail/gorss/srv/handlers.go:438.16,442.3 3 0
github.com/johnwmail/gorss/srv/handlers.go:446.2,459.29 3 1
github.com/johnwmail/gorss/srv/handlers.go:459.29,466.3 1 1
github.com/johnwmail/gorss/srv/handlers.go:467.2,467.25 1 1
github.com/johnwmail/gorss/srv/handlers.go:471.75,474.16 3 1
github.com/johnwmail/gorss/srv/handlers.go:474.16,477.3 2 1
github.com/johnwmail/gorss/srv/handlers.go:478.2,484.16 3 1
github.com/johnwmail/gorss/srv/handlers.go:484.16,487.3 2 1
github.com/johnwmail/gorss/srv/handlers.go:488.2,488.20 1 1
github.com/johnwmail/gorss/srv/handlers.go:492.73,495.16 3 1
github.com/johnwmail/gorss/srv/handlers.go:495.16,498.3 2 1
github.com/johnwmail/gorss/srv/handlers.go:500.2,506.17 3 1
github.com/johnwmail/gorss/srv/handlers.go:506.17,510.3 3 0
github.com/johnwmail/gorss/srv/handlers.go:511.2,511.52 1 1
github.com/johnwmail/gorss/srv/handlers.go:515.75,518.16 3 1
github.com/johnwmail/gorss/srv/handlers.go:518.16,521.3 2 1
github.com/johnwmail/gorss/srv/handlers.go:523.2,527.17 2 1
github.com/johnwmail/gorss/srv/handlers.go:527.17,530.3 2 0
github.com/johnwmail/gorss/srv/handlers.go:531.2,531.52 1 1
github.com/johnwmail/gorss/srv/handlers.go:535.69,538.16 3 1
github.com/johnwmail/gorss/srv/handlers.go:538.16,541.3 2 1
github.com/johnwmail/gorss/srv/handlers.go:543.2,549.17 3 1
github.com/johnwmail/gorss/srv/handlers.go:549.17,552.3 2 0
github.com/johnwmail/gorss/srv/handlers.go:553.2,553.52 1 1
github.com/johnwmail/gorss/srv/handlers.go:557.71,560.16 3 1
github.com/johnwmail/gorss/srv/handlers.go:560.16,563.3 2 1
github.com/johnwmail/gorss/srv/handlers.go:565.2,569.17 2 1
github.com/johnwmail/gorss/srv/handlers.go:569.17,572.3 2 0
github.com/johnwmail/gorss/srv/handlers.go:573.2,573.52 1 1
github.com/johnwmail/gorss/srv/handlers.go:577.95,581.21 4 1
github.com/johnwmail/gorss/srv/handlers.go:581.21,584.3 2 0
github.com/johnwmail/gorss/srv/handlers.go:584.8,587.3 2 1
github.com/johnwmail/gorss/srv/handlers.go:588.2,596.12 3 1
github.com/johnwmail/gorss/srv/handlers.go:600.78,606.84 3 1
github.com/johnwmail/gorss/srv/handlers.go:606.84,609.3 2 1
github.com/johnwmail/gorss/srv/handlers.go:611.2,612.16 2 1
github.com/johnwmail/gorss/srv/handlers.go:612.16,616.3 3 0
github.com/johnwmail/gorss/srv/handlers.go:617.2,617.15 1 1
github.com/johnwmail/gorss/srv/handlers.go:617.15,617.36 1 1
github.com/johnwmail/gorss/srv/handlers.go:619.2,623.16 3 1
github.com/johnwmail/gorss/srv/handlers.go:623.16,627.3 3 0
github.com/johnwmail/gorss/srv/handlers.go:628.2,628.15 1 1
github.com/johnwmail/gorss/srv/handlers.go:628.15,628.35 1 1
github.com/johnwmail/gorss/srv/handlers.go:630.2,630.30 1 1
github.com/johnwmail/gorss/srv/handlers.go:630.30,631.76 1 1
github.com/johnwmail/gorss/srv/handlers.go:631.76,633.4 1 0
github.com/johnwmail/gorss/srv/handlers.go:636.2,636.36 1 1
github.com/johnwmail/gorss/srv/handlers.go:636.36,640.3 3 0
github.com/johnwmail/gorss/srv/handlers.go:641.2,641.52 1 1
github.com/johnwmail/gorss/srv/handlers.go:645.76,650.9 4 1
github.com/johnwmail/gorss/srv/handlers.go:651.42,653.17 2 0
github.com/johnwmail/gorss/srv/handlers.go:653.17,656.4 2 0
github.com/johnwmail/gorss/srv/handlers.go:657.3,659.18 1 0
github.com/johnwmail/gorss/srv/handlers.go:659.18,662.4 2 0
github.com/johnwmail/gorss/srv/handlers.go:663.46,665.17 2 1
github.com/johnwmail/gorss/srv/handlers.go:665.17,668.4 2 0
github.com/johnwmail/gorss/srv/handlers.go:669.3,669.72 1 1
github.com/johnwmail/gorss/srv/handlers.go:669.72,672.4 2 0
github.com/johnwmail/gorss/srv/handlers.go:673.10,676.18 1 1
github.com/johnwmail/gorss/srv/handlers.go:676.18,679.4 2 0
github.com/johnwmail/gorss/srv/handlers.go:681.2,681.52 1 1
github.com/johnwmail/gorss/srv/handlers.go:685.77,688.16 3 1
github.com/johnwmail/gorss/srv/handlers.go:688.16,691.3 2 1
github.com/johnwmail/gorss/srv/handlers.go:693.2,699.17 3 1
github.com/johnwmail/gorss/srv/handlers.go:699.17,702.3 2 0
github.com/johnwmail/gorss/srv/handlers.go:703.2,703.52 1 1
github.com/johnwmail/gorss/srv/handlers.go:707.72,711.2 2 1
github.com/johnwmail/gorss/srv/handlers.go:714.78,719.16 4 1
github.com/johnwmail/gorss/srv/handlers.go:719.16,722.3 2 0
github.com/johnwmail/gorss/srv/handlers.go:723.2,723.23 1 1
github.com/johnwmail/gorss/srv/handlers.go:723.23,725.3 1 0
github.com/johnwmail/gorss/srv/handlers.go:726.2,726.29 1 1
github.com/johnwmail/gorss/srv/handlers.go:730.79,736.61 3 1
github.com/johnwmail/gorss/srv/handlers.go:736.61,739.3 2 1
github.com/johnwmail/gorss/srv/handlers.go:741.2,741.21 1 1
github.com/johnwmail/gorss/srv/handlers.go:741.21,744.3 2 1
github.com/johnwmail/gorss/srv/handlers.go:746.2,751.16 3 1
github.com/johnwmail/gorss/srv/handlers.go:751.16,754.3 2 0
github.com/johnwmail/gorss/srv/handlers.go:755.2,755.22 1 1
github.com/johnwmail/gorss/srv/handlers.go:759.74,770.26 8 1
github.com/johnwmail/gorss/srv/handlers.go:770.26,771.24 1 1
github.com/johnwmail/gorss/srv/handlers.go:771.24,773.4 1 1
github.com/johnwmail/gorss/srv/handlers.go:776.2,781.4 1 1
github.com/johnwmail/gorss/srv/handlers.go:785.75,790.16 4 1
github.com/johnwmail/gorss/srv/handlers.go:790.16,793.3 2 0
github.com/johnwmail/gorss/srv/handlers.go:796.2,798.31 3 1
github.com/johnwmail/gorss/srv/handlers.go:798.31,800.3 1 0
github.com/johnwmail/gorss/srv/handlers.go:803.2,804.26 2 1
github.com/johnwmail/gorss/srv/handlers.go:804.26,806.26 2 1
github.com/johnwmail/gorss/srv/handlers.go:806.26,808.4 1 0
github.com/johnwmail/gorss/srv/handlers.go:809.3,814.5 1 1
github.com/johnwmail/gorss/srv/handlers.go:817.2,818.16 2 1
github.com/johnwmail/gorss/srv/handlers.go:818.16,821.3 2 0
github.com/johnwmail/gorss/srv/handlers.go:823.2,825.22 3 1
github.com/johnwmail/gorss/srv/handlers.go:828.33,830.2 1 1
github.com/johnwmail/gorss/srv/handlers.go:834.110,837.26 3 0
github.com/johnwmail/gorss/srv/handlers.go:837.26,838.50 1 0
github.com/johnwmail/gorss/srv/handlers.go:838.50,839.12 1 0
github.com/johnwmail/gorss/srv/handlers.go:841.3,842.26 2 0
github.com/johnwmail/gorss/srv/handlers.go:842.26,843.29 1 0
github.com/johnwmail/gorss/srv/handlers.go:843.29,845.10 2 0
github.com/johnwmail/gorss/srv/handlers.go:848.3,848.30 1 0
github.com/johnwmail/gorss/srv/handlers.go:848.30,850.18 2 0
github.com/johnwmail/gorss/srv/handlers.go:850.18,852.5 1 0
github.com/johnwmail/gorss/srv/handlers.go:855.2,855.15 1 0
github.com/johnwmail/gorss/srv/handlers.go:859.115,864.29 3 0
github.com/johnwmail/gorss/srv/handlers.go:864.29,865.21 1 0
github.com/johnwmail/gorss/srv/handlers.go:865.21,867.4 1 0
github.com/johnwmail/gorss/srv/handlers.go:870.2,871.49 2 0
github.com/johnwmail/gorss/srv/handlers.go:871.49,874.3 2 0
github.com/johnwmail/gorss/srv/handlers.go:876.2,877.16 2 0
github.com/johnwmail/gorss/srv/handlers.go:877.16,880.3 2 0
github.com/johnwmail/gorss/srv/handlers.go:883.2,883.21 1 0
github.com/johnwmail/gorss/srv/handlers.go:883.21,886.3 2 0
github.com/johnwmail/gorss/srv/handlers.go:888.2,892.16 2 0
github.com/johnwmail/gorss/srv/handlers.go:892.16,895.3 2 0
github.com/johnwmail/gorss/srv/handlers.go:897.2,897.36 1 0
github.com/johnwmail/gorss/srv/handlers.go:897.36,902.3 1 0
github.com/johnwmail/gorss/srv/handlers.go:903.2,903.13 1 0
github.com/johnwmail/gorss/srv/handlers.go:907.75,910.55 2 1
github.com/johnwmail/gorss/srv/handlers.go:910.55,913.3 2 1
github.com/johnwmail/gorss/srv/handlers.go:915.2,916.16 2 0
github.com/johnwmail/gorss/srv/handlers.go:916.16,919.3 2 0
github.com/johnwmail/gorss/srv/handlers.go:920.2,920.15 1 0
github.com/johnwmail/gorss/srv/handlers.go:920.15,920.35 1 0
github.com/johnwmail/gorss/srv/handlers.go:922.2,923.16 2 0
github.com/johnwmail/gorss/srv/handlers.go:923.16,926.3 2 0
github.com/johnwmail/gorss/srv/handlers.go:928.2,931.26 3 0
github.com/johnwmail/gorss/srv/handlers.go:931.26,932.57 1 0
github.com/johnwmail/gorss/srv/handlers.go:932.57,934.4 1 0
github.com/johnwmail/gorss/srv/handlers.go:937.2,941.4 1 0
github.com/johnwmail/gorss/srv/handlers.go:945.82,953.61 4 1
github.com/johnwmail/gorss/srv/handlers.go:953.61,956.3 2 1
github.com/johnwmail/gorss/srv/handlers.go:958.2,958.27 1 1
github.com/johnwmail/gorss/srv/handlers.go:958.27,964.3 1 1
github.com/johnwmail/gorss/srv/handlers.go:966.2,966.52 1 1
github.com/johnwmail/gorss/srv/handlers.go:970.77,979.61 4 1
github.com/johnwmail/gorss/srv/handlers.go:979.61,982.3 2 1
github.com/johnwmail/gorss/srv/handlers.go:984.2,984.27 1 1
github.com/johnwmail/gorss/srv/handlers.go:984.27,985.29 1 1
github.com/johnwmail/gorss/srv/handlers.go:985.29,992.4 1 0
github.com/johnwmail/gorss/srv/handlers.go:992.9,998.4 1 1
github.com/johnwmail/gorss/srv/handlers.go:1001.2,1001.52 1 1
github.com/johnwmail/gorss/srv/handlers.go:1005.79,1009.17 3 0
github.com/johnwmail/gorss/srv/handlers.go:1009.17,1012.3 2 0
github.com/johnwmail/gorss/srv/handlers.go:1014.2,1029.16 5 0
github.com/johnwmail/gorss/srv/handlers.go:1029.16,1033.3 3 0
github.com/johnwmail/gorss/srv/handlers.go:1036.2,1049.29 3 0
github.com/johnwmail/gorss/srv/handlers.go:1049.29,1056.3 1 0
github.com/johnwmail/gorss/srv/handlers.go:1057.2,1057.25 1 0
github.com/johnwmail/gorss/srv/opml.go:37.51,39.16 2 1
github.com/johnwmail/gorss/srv/opml.go:39.16,41.3 1 0
github.com/johnwmail/gorss/srv/opml.go:43.2,44.51 2 1
github.com/johnwmail/gorss/srv/opml.go:44.51,46.3 1 1
github.com/johnwmail/gorss/srv/opml.go:48.2,50.19 3 1
github.com/johnwmail/gorss/srv/opml.go:61.81,62.29 1 1
github.com/johnwmail/gorss/srv/opml.go:62.29,63.21 1 1
github.com/johnwmail/gorss/srv/opml.go:63.21,66.19 2 1
github.com/johnwmail/gorss/srv/opml.go:66.19,68.5 1 1
github.com/johnwmail/gorss/srv/opml.go:69.4,73.6 1 1
github.com/johnwmail/gorss/srv/opml.go:74.9,74.33 1 1
github.com/johnwmail/gorss/srv/opml.go:74.33,77.21 2 1
github.com/johnwmail/gorss/srv/opml.go:77.21,79.5 1 0
github.com/johnwmail/gorss/srv/opml.go:80.4,80.44 1 1
github.com/johnwmail/gorss/srv/opml.go:86.69,97.26 3 1
github.com/johnwmail/gorss/srv/opml.go:97.26,99.16 2 1
github.com/johnwmail/gorss/srv/opml.go:99.16,101.4 1 1
github.com/johnwmail/gorss/srv/opml.go:102.3,102.47 1 1
github.com/johnwmail/gorss/srv/opml.go:106.2,106.40 1 1
github.com/johnwmail/gorss/srv/opml.go:106.40,107.30 1 1
github.com/johnwmail/gorss/srv/opml.go:107.30,109.31 1 1
github.com/johnwmail/gorss/srv/opml.go:109.31,117.5 1 1
github.com/johnwmail/gorss/srv/opml.go:118.9,124.31 2 1
github.com/johnwmail/gorss/srv/opml.go:124.31,132.5 1 1
github.com/johnwmail/gorss/srv/opml.go:133.4,133.63 1 1
github.com/johnwmail/gorss/srv/opml.go:137.2,138.16 2 1
github.com/johnwmail/gorss/srv/opml.go:138.16,140.3 1 0
github.com/johnwmail/gorss/srv/opml.go:142.2,142.51 1 1
github.com/johnwmail/gorss/srv/server.go:34.61,37.19 3 1
github.com/johnwmail/gorss/srv/server.go:37.19,39.3 1 0
github.com/johnwmail/gorss/srv/server.go:40.2,48.50 2 1
github.com/johnwmail/gorss/srv/server.go:48.50,50.3 1 0
github.com/johnwmail/gorss/srv/server.go:51.2,51.50 1 1
github.com/johnwmail/gorss/srv/server.go:51.50,53.3 1 0
github.com/johnwmail/gorss/srv/server.go:54.2,54.17 1 1
github.com/johnwmail/gorss/srv/server.go:58.53,60.58 1 1
github.com/johnwmail/gorss/srv/server.go:60.58,62.3 1 0
github.com/johnwmail/gorss/srv/server.go:64.2,65.16 2 1
github.com/johnwmail/gorss/srv/server.go:65.16,67.3 1 0
github.com/johnwmail/gorss/srv/server.go:68.2,69.46 2 1
github.com/johnwmail/gorss/srv/server.go:69.46,71.3 1 0
github.com/johnwmail/gorss/srv/server.go:72.2,72.12 1 1
github.com/johnwmail/gorss/srv/server.go:76.46,78.37 2 1
github.com/johnwmail/gorss/srv/server.go:78.37,81.17 3 1
github.com/johnwmail/gorss/srv/server.go:81.17,83.4 1 0
github.com/johnwmail/gorss/srv/server.go:84.3,84.27 1 1
github.com/johnwmail/gorss/srv/server.go:86.2,86.12 1 1
github.com/johnwmail/gorss/srv/server.go:90.43,92.55 1 0
github.com/johnwmail/gorss/srv/server.go:92.55,94.3 1 0
github.com/johnwmail/gorss/srv/server.go:95.2,107.78 7 0
github.com/johnwmail/gorss/srv/server.go:107.78,109.3 1 0
github.com/johnwmail/gorss/srv/server.go:110.2,110.77 1 0
github.com/johnwmail/gorss/srv/server.go:110.77,112.3 1 0
github.com/johnwmail/gorss/srv/server.go:113.2,114.74 2 0
github.com/johnwmail/gorss/srv/server.go:114.74,117.3 2 0
github.com/johnwmail/gorss/srv/server.go:120.2,120.82 1 0
github.com/johnwmail/gorss/srv/server.go:120.82,122.3 1 0
github.com/johnwmail/gorss/srv/server.go:123.2,123.91 1 0
github.com/johnwmail/gorss/srv/server.go:123.91,125.3 1 0
github.com/johnwmail/gorss/srv/server.go:126.2,126.103 1 0
github.com/johnwmail/gorss/srv/server.go:126.103,128.3 1 0
github.com/johnwmail/gorss/srv/server.go:131.2,167.75 26 0
github.com/johnwmail/gorss/srv/server.go:167.75,168.65 1 0
github.com/johnwmail/gorss/srv/server.go:168.65,170.4 1 0
github.com/johnwmail/gorss/srv/server.go:170.9,172.4 1 0
github.com/johnwmail/gorss/srv/server.go:176.2,177.63 2 0
github.com/johnwmail/gorss/srv/server.go:177.63,178.56 1 0
github.com/johnwmail/gorss/srv/server.go:178.56,180.4 1 0
github.com/johnwmail/gorss/srv/server.go:183.2,197.65 8 0
github.com/johnwmail/gorss/srv/server.go:197.65,199.63 2 0
github.com/johnwmail/gorss/srv/server.go:199.63,200.70 1 0
github.com/johnwmail/gorss/srv/server.go:200.70,202.5 1 0
github.com/johnwmail/gorss/srv/server.go:204.3,205.65 2 0
github.com/johnwmail/gorss/srv/server.go:205.65,206.86 1 0
github.com/johnwmail/gorss/srv/server.go:206.86,208.5 1 0
github.com/johnwmail/gorss/srv/server.go:210.3,211.68 2 0
github.com/johnwmail/gorss/srv/server.go:215.2,219.43 4 0
github.com/johnwmail/gorss/srv/server.go:224.18,224.89 2 0
github.com/johnwmail/gorss/srv/server.go:232.59,232.83 1 0
github.com/johnwmail/gorss/srv/server.go:234.53,235.71 1 0
github.com/johnwmail/gorss/srv/server.go:235.71,236.65 1 0
github.com/johnwmail/gorss/srv/server.go:236.65,239.4 2 0
github.com/johnwmail/gorss/srv/server.go:240.3,243.16 4 0
github.com/johnwmail/gorss/srv/server.go:243.16,243.34 1 0
github.com/johnwmail/gorss/srv/server.go:245.3,247.68 3 0
github.com/johnwmail/gorss/srv/server.go:252.69,257.18 4 1
github.com/johnwmail/gorss/srv/server.go:257.18,259.3 1 1
github.com/johnwmail/gorss/srv/server.go:262.2,294.62 10 1
github.com/johnwmail/gorss/srv/server.go:294.62,296.3 1 0
github.com/johnwmail/gorss/srv/server.go:299.85,301.9 2 1
github.com/johnwmail/gorss/srv/server.go:301.9,303.3 1 0
github.com/johnwmail/gorss/srv/server.go:304.2,304.46 1 1
github.com/johnwmail/gorss/srv/server.go:304.46,306.3 1 0
github.com/johnwmail/gorss/srv/server.go:307.2,307.12 1 1
